<?xml version="1.0" encoding="UTF-8"?>
<testsuite xmlns:xsi="http://www.w3.org/2001/XMLSchema-instance" xsi:noNamespaceSchemaLocation="https://maven.apache.org/surefire/maven-surefire-plugin/xsd/surefire-test-report.xsd" name="com.moonmagician.reloads.ReloadsApplicationTests" time="7.651" tests="2" errors="0" skipped="0" failures="0">
  <properties>
[...]
</properties>
  <testcase name="contextLoads" classname="com.moonmagician.reloads.ReloadsApplicationTests" time="0.304"/>
  <testcase name="viewTest" classname="com.moonmagician.reloads.ReloadsApplicationTests" time="0.183"/>
</testsuite>